CRITICAL - 2023-09-21 12:59:08 --> syntax error, unexpected token "=", expecting "]"
in APPPATH\Controllers\ProductCrud.php on line 12.
 1 SYSTEMPATH\Autoloader\Autoloader.php(285): CodeIgniter\Autoloader\Autoloader->includeFile('D:\\laragon\\www\\crud\\app\\Controllers\\ProductCrud.php')
 2 SYSTEMPATH\Autoloader\Autoloader.php(263): CodeIgniter\Autoloader\Autoloader->loadInNamespace('App\\Controllers\\ProductCrud')
 3 [internal function]: CodeIgniter\Autoloader\Autoloader->loadClass('App\\Controllers\\ProductCrud')
 4 SYSTEMPATH\CodeIgniter.php(877): class_exists('\\App\\Controllers\\ProductCrud', true)
 5 SYSTEMPATH\CodeIgniter.php(481): CodeIgniter\CodeIgniter->startController()
 6 SYSTEMPATH\CodeIgniter.php(353): CodeIgniter\CodeIgniter->handleRequest(null, Object(Config\Cache), false)
 7 FCPATH\index.php(79): CodeIgniter\CodeIgniter->run()
 8 SYSTEMPATH\Commands\Server\rewrite.php(47): require_once('D:\\laragon\\www\\crud\\public\\index.php')
CRITICAL - 2023-09-21 13:03:57 --> syntax error, unexpected token "=>", expecting "]"
in APPPATH\Controllers\ProductCrud.php on line 12.
 1 SYSTEMPATH\Autoloader\Autoloader.php(285): CodeIgniter\Autoloader\Autoloader->includeFile('D:\\laragon\\www\\crud\\app\\Controllers\\ProductCrud.php')
 2 SYSTEMPATH\Autoloader\Autoloader.php(263): CodeIgniter\Autoloader\Autoloader->loadInNamespace('App\\Controllers\\ProductCrud')
 3 [internal function]: CodeIgniter\Autoloader\Autoloader->loadClass('App\\Controllers\\ProductCrud')
 4 SYSTEMPATH\CodeIgniter.php(877): class_exists('\\App\\Controllers\\ProductCrud', true)
 5 SYSTEMPATH\CodeIgniter.php(481): CodeIgniter\CodeIgniter->startController()
 6 SYSTEMPATH\CodeIgniter.php(353): CodeIgniter\CodeIgniter->handleRequest(null, Object(Config\Cache), false)
 7 FCPATH\index.php(79): CodeIgniter\CodeIgniter->run()
 8 SYSTEMPATH\Commands\Server\rewrite.php(47): require_once('D:\\laragon\\www\\crud\\public\\index.php')
CRITICAL - 2023-09-21 13:04:53 --> syntax error, unexpected token "=", expecting "]"
in APPPATH\Controllers\ProductCrud.php on line 13.
 1 SYSTEMPATH\Autoloader\Autoloader.php(285): CodeIgniter\Autoloader\Autoloader->includeFile('D:\\laragon\\www\\crud\\app\\Controllers\\ProductCrud.php')
 2 SYSTEMPATH\Autoloader\Autoloader.php(263): CodeIgniter\Autoloader\Autoloader->loadInNamespace('App\\Controllers\\ProductCrud')
 3 [internal function]: CodeIgniter\Autoloader\Autoloader->loadClass('App\\Controllers\\ProductCrud')
 4 SYSTEMPATH\CodeIgniter.php(877): class_exists('\\App\\Controllers\\ProductCrud', true)
 5 SYSTEMPATH\CodeIgniter.php(481): CodeIgniter\CodeIgniter->startController()
 6 SYSTEMPATH\CodeIgniter.php(353): CodeIgniter\CodeIgniter->handleRequest(null, Object(Config\Cache), false)
 7 FCPATH\index.php(79): CodeIgniter\CodeIgniter->run()
 8 SYSTEMPATH\Commands\Server\rewrite.php(47): require_once('D:\\laragon\\www\\crud\\public\\index.php')
CRITICAL - 2023-09-21 13:04:54 --> syntax error, unexpected token "=", expecting "]"
in APPPATH\Controllers\ProductCrud.php on line 13.
 1 SYSTEMPATH\Autoloader\Autoloader.php(285): CodeIgniter\Autoloader\Autoloader->includeFile('D:\\laragon\\www\\crud\\app\\Controllers\\ProductCrud.php')
 2 SYSTEMPATH\Autoloader\Autoloader.php(263): CodeIgniter\Autoloader\Autoloader->loadInNamespace('App\\Controllers\\ProductCrud')
 3 [internal function]: CodeIgniter\Autoloader\Autoloader->loadClass('App\\Controllers\\ProductCrud')
 4 SYSTEMPATH\CodeIgniter.php(877): class_exists('\\App\\Controllers\\ProductCrud', true)
 5 SYSTEMPATH\CodeIgniter.php(481): CodeIgniter\CodeIgniter->startController()
 6 SYSTEMPATH\CodeIgniter.php(353): CodeIgniter\CodeIgniter->handleRequest(null, Object(Config\Cache), false)
 7 FCPATH\index.php(79): CodeIgniter\CodeIgniter->run()
 8 SYSTEMPATH\Commands\Server\rewrite.php(47): require_once('D:\\laragon\\www\\crud\\public\\index.php')
CRITICAL - 2023-09-21 13:04:55 --> syntax error, unexpected token "=", expecting "]"
in APPPATH\Controllers\ProductCrud.php on line 13.
 1 SYSTEMPATH\Autoloader\Autoloader.php(285): CodeIgniter\Autoloader\Autoloader->includeFile('D:\\laragon\\www\\crud\\app\\Controllers\\ProductCrud.php')
 2 SYSTEMPATH\Autoloader\Autoloader.php(263): CodeIgniter\Autoloader\Autoloader->loadInNamespace('App\\Controllers\\ProductCrud')
 3 [internal function]: CodeIgniter\Autoloader\Autoloader->loadClass('App\\Controllers\\ProductCrud')
 4 SYSTEMPATH\CodeIgniter.php(877): class_exists('\\App\\Controllers\\ProductCrud', true)
 5 SYSTEMPATH\CodeIgniter.php(481): CodeIgniter\CodeIgniter->startController()
 6 SYSTEMPATH\CodeIgniter.php(353): CodeIgniter\CodeIgniter->handleRequest(null, Object(Config\Cache), false)
 7 FCPATH\index.php(79): CodeIgniter\CodeIgniter->run()
 8 SYSTEMPATH\Commands\Server\rewrite.php(47): require_once('D:\\laragon\\www\\crud\\public\\index.php')
CRITICAL - 2023-09-21 13:04:55 --> syntax error, unexpected token "=", expecting "]"
in APPPATH\Controllers\ProductCrud.php on line 13.
 1 SYSTEMPATH\Autoloader\Autoloader.php(285): CodeIgniter\Autoloader\Autoloader->includeFile('D:\\laragon\\www\\crud\\app\\Controllers\\ProductCrud.php')
 2 SYSTEMPATH\Autoloader\Autoloader.php(263): CodeIgniter\Autoloader\Autoloader->loadInNamespace('App\\Controllers\\ProductCrud')
 3 [internal function]: CodeIgniter\Autoloader\Autoloader->loadClass('App\\Controllers\\ProductCrud')
 4 SYSTEMPATH\CodeIgniter.php(877): class_exists('\\App\\Controllers\\ProductCrud', true)
 5 SYSTEMPATH\CodeIgniter.php(481): CodeIgniter\CodeIgniter->startController()
 6 SYSTEMPATH\CodeIgniter.php(353): CodeIgniter\CodeIgniter->handleRequest(null, Object(Config\Cache), false)
 7 FCPATH\index.php(79): CodeIgniter\CodeIgniter->run()
 8 SYSTEMPATH\Commands\Server\rewrite.php(47): require_once('D:\\laragon\\www\\crud\\public\\index.php')
CRITICAL - 2023-09-21 13:04:55 --> syntax error, unexpected token "=", expecting "]"
in APPPATH\Controllers\ProductCrud.php on line 13.
 1 SYSTEMPATH\Autoloader\Autoloader.php(285): CodeIgniter\Autoloader\Autoloader->includeFile('D:\\laragon\\www\\crud\\app\\Controllers\\ProductCrud.php')
 2 SYSTEMPATH\Autoloader\Autoloader.php(263): CodeIgniter\Autoloader\Autoloader->loadInNamespace('App\\Controllers\\ProductCrud')
 3 [internal function]: CodeIgniter\Autoloader\Autoloader->loadClass('App\\Controllers\\ProductCrud')
 4 SYSTEMPATH\CodeIgniter.php(877): class_exists('\\App\\Controllers\\ProductCrud', true)
 5 SYSTEMPATH\CodeIgniter.php(481): CodeIgniter\CodeIgniter->startController()
 6 SYSTEMPATH\CodeIgniter.php(353): CodeIgniter\CodeIgniter->handleRequest(null, Object(Config\Cache), false)
 7 FCPATH\index.php(79): CodeIgniter\CodeIgniter->run()
 8 SYSTEMPATH\Commands\Server\rewrite.php(47): require_once('D:\\laragon\\www\\crud\\public\\index.php')
CRITICAL - 2023-09-21 13:05:33 --> syntax error, unexpected token "=", expecting "]"
in APPPATH\Controllers\ProductCrud.php on line 12.
 1 SYSTEMPATH\Autoloader\Autoloader.php(285): CodeIgniter\Autoloader\Autoloader->includeFile('D:\\laragon\\www\\crud\\app\\Controllers\\ProductCrud.php')
 2 SYSTEMPATH\Autoloader\Autoloader.php(263): CodeIgniter\Autoloader\Autoloader->loadInNamespace('App\\Controllers\\ProductCrud')
 3 [internal function]: CodeIgniter\Autoloader\Autoloader->loadClass('App\\Controllers\\ProductCrud')
 4 SYSTEMPATH\CodeIgniter.php(877): class_exists('\\App\\Controllers\\ProductCrud', true)
 5 SYSTEMPATH\CodeIgniter.php(481): CodeIgniter\CodeIgniter->startController()
 6 SYSTEMPATH\CodeIgniter.php(353): CodeIgniter\CodeIgniter->handleRequest(null, Object(Config\Cache), false)
 7 FCPATH\index.php(79): CodeIgniter\CodeIgniter->run()
 8 SYSTEMPATH\Commands\Server\rewrite.php(47): require_once('D:\\laragon\\www\\crud\\public\\index.php')
CRITICAL - 2023-09-21 13:05:34 --> syntax error, unexpected token "=", expecting "]"
in APPPATH\Controllers\ProductCrud.php on line 12.
 1 SYSTEMPATH\Autoloader\Autoloader.php(285): CodeIgniter\Autoloader\Autoloader->includeFile('D:\\laragon\\www\\crud\\app\\Controllers\\ProductCrud.php')
 2 SYSTEMPATH\Autoloader\Autoloader.php(263): CodeIgniter\Autoloader\Autoloader->loadInNamespace('App\\Controllers\\ProductCrud')
 3 [internal function]: CodeIgniter\Autoloader\Autoloader->loadClass('App\\Controllers\\ProductCrud')
 4 SYSTEMPATH\CodeIgniter.php(877): class_exists('\\App\\Controllers\\ProductCrud', true)
 5 SYSTEMPATH\CodeIgniter.php(481): CodeIgniter\CodeIgniter->startController()
 6 SYSTEMPATH\CodeIgniter.php(353): CodeIgniter\CodeIgniter->handleRequest(null, Object(Config\Cache), false)
 7 FCPATH\index.php(79): CodeIgniter\CodeIgniter->run()
 8 SYSTEMPATH\Commands\Server\rewrite.php(47): require_once('D:\\laragon\\www\\crud\\public\\index.php')
CRITICAL - 2023-09-21 13:05:34 --> syntax error, unexpected token "=", expecting "]"
in APPPATH\Controllers\ProductCrud.php on line 12.
 1 SYSTEMPATH\Autoloader\Autoloader.php(285): CodeIgniter\Autoloader\Autoloader->includeFile('D:\\laragon\\www\\crud\\app\\Controllers\\ProductCrud.php')
 2 SYSTEMPATH\Autoloader\Autoloader.php(263): CodeIgniter\Autoloader\Autoloader->loadInNamespace('App\\Controllers\\ProductCrud')
 3 [internal function]: CodeIgniter\Autoloader\Autoloader->loadClass('App\\Controllers\\ProductCrud')
 4 SYSTEMPATH\CodeIgniter.php(877): class_exists('\\App\\Controllers\\ProductCrud', true)
 5 SYSTEMPATH\CodeIgniter.php(481): CodeIgniter\CodeIgniter->startController()
 6 SYSTEMPATH\CodeIgniter.php(353): CodeIgniter\CodeIgniter->handleRequest(null, Object(Config\Cache), false)
 7 FCPATH\index.php(79): CodeIgniter\CodeIgniter->run()
 8 SYSTEMPATH\Commands\Server\rewrite.php(47): require_once('D:\\laragon\\www\\crud\\public\\index.php')
CRITICAL - 2023-09-21 13:05:34 --> syntax error, unexpected token "=", expecting "]"
in APPPATH\Controllers\ProductCrud.php on line 12.
 1 SYSTEMPATH\Autoloader\Autoloader.php(285): CodeIgniter\Autoloader\Autoloader->includeFile('D:\\laragon\\www\\crud\\app\\Controllers\\ProductCrud.php')
 2 SYSTEMPATH\Autoloader\Autoloader.php(263): CodeIgniter\Autoloader\Autoloader->loadInNamespace('App\\Controllers\\ProductCrud')
 3 [internal function]: CodeIgniter\Autoloader\Autoloader->loadClass('App\\Controllers\\ProductCrud')
 4 SYSTEMPATH\CodeIgniter.php(877): class_exists('\\App\\Controllers\\ProductCrud', true)
 5 SYSTEMPATH\CodeIgniter.php(481): CodeIgniter\CodeIgniter->startController()
 6 SYSTEMPATH\CodeIgniter.php(353): CodeIgniter\CodeIgniter->handleRequest(null, Object(Config\Cache), false)
 7 FCPATH\index.php(79): CodeIgniter\CodeIgniter->run()
 8 SYSTEMPATH\Commands\Server\rewrite.php(47): require_once('D:\\laragon\\www\\crud\\public\\index.php')
CRITICAL - 2023-09-21 13:05:35 --> syntax error, unexpected token "=", expecting "]"
in APPPATH\Controllers\ProductCrud.php on line 12.
 1 SYSTEMPATH\Autoloader\Autoloader.php(285): CodeIgniter\Autoloader\Autoloader->includeFile('D:\\laragon\\www\\crud\\app\\Controllers\\ProductCrud.php')
 2 SYSTEMPATH\Autoloader\Autoloader.php(263): CodeIgniter\Autoloader\Autoloader->loadInNamespace('App\\Controllers\\ProductCrud')
 3 [internal function]: CodeIgniter\Autoloader\Autoloader->loadClass('App\\Controllers\\ProductCrud')
 4 SYSTEMPATH\CodeIgniter.php(877): class_exists('\\App\\Controllers\\ProductCrud', true)
 5 SYSTEMPATH\CodeIgniter.php(481): CodeIgniter\CodeIgniter->startController()
 6 SYSTEMPATH\CodeIgniter.php(353): CodeIgniter\CodeIgniter->handleRequest(null, Object(Config\Cache), false)
 7 FCPATH\index.php(79): CodeIgniter\CodeIgniter->run()
 8 SYSTEMPATH\Commands\Server\rewrite.php(47): require_once('D:\\laragon\\www\\crud\\public\\index.php')
CRITICAL - 2023-09-21 13:05:35 --> syntax error, unexpected token "=", expecting "]"
in APPPATH\Controllers\ProductCrud.php on line 12.
 1 SYSTEMPATH\Autoloader\Autoloader.php(285): CodeIgniter\Autoloader\Autoloader->includeFile('D:\\laragon\\www\\crud\\app\\Controllers\\ProductCrud.php')
 2 SYSTEMPATH\Autoloader\Autoloader.php(263): CodeIgniter\Autoloader\Autoloader->loadInNamespace('App\\Controllers\\ProductCrud')
 3 [internal function]: CodeIgniter\Autoloader\Autoloader->loadClass('App\\Controllers\\ProductCrud')
 4 SYSTEMPATH\CodeIgniter.php(877): class_exists('\\App\\Controllers\\ProductCrud', true)
 5 SYSTEMPATH\CodeIgniter.php(481): CodeIgniter\CodeIgniter->startController()
 6 SYSTEMPATH\CodeIgniter.php(353): CodeIgniter\CodeIgniter->handleRequest(null, Object(Config\Cache), false)
 7 FCPATH\index.php(79): CodeIgniter\CodeIgniter->run()
 8 SYSTEMPATH\Commands\Server\rewrite.php(47): require_once('D:\\laragon\\www\\crud\\public\\index.php')
CRITICAL - 2023-09-21 13:07:15 --> Undefined variable $categories
in APPPATH\Views\add_product.php on line 33.
 1 APPPATH\Views\add_product.php(33): CodeIgniter\Debug\Exceptions->errorHandler(2, 'Undefined variable $categories', 'D:\\laragon\\www\\crud\\app\\Views\\add_product.php', 33)
 2 SYSTEMPATH\View\View.php(226): include('D:\\laragon\\www\\crud\\app\\Views\\add_product.php')
 3 SYSTEMPATH\View\View.php(229): CodeIgniter\View\View->CodeIgniter\View\{closure}()
 4 SYSTEMPATH\Common.php(1188): CodeIgniter\View\View->render('add_product', [], true)
 5 APPPATH\Controllers\ProductCrud.php(20): view('add_product')
 6 SYSTEMPATH\CodeIgniter.php(919): App\Controllers\ProductCrud->create()
 7 SYSTEMPATH\CodeIgniter.php(494): CodeIgniter\CodeIgniter->runController(Object(App\Controllers\ProductCrud))
 8 SYSTEMPATH\CodeIgniter.php(353): CodeIgniter\CodeIgniter->handleRequest(null, Object(Config\Cache), false)
 9 FCPATH\index.php(79): CodeIgniter\CodeIgniter->run()
10 SYSTEMPATH\Commands\Server\rewrite.php(47): require_once('D:\\laragon\\www\\crud\\public\\index.php')
CRITICAL - 2023-09-21 13:08:05 --> Undefined variable $categories
in APPPATH\Views\add_product.php on line 33.
 1 APPPATH\Views\add_product.php(33): CodeIgniter\Debug\Exceptions->errorHandler(2, 'Undefined variable $categories', 'D:\\laragon\\www\\crud\\app\\Views\\add_product.php', 33)
 2 SYSTEMPATH\View\View.php(226): include('D:\\laragon\\www\\crud\\app\\Views\\add_product.php')
 3 SYSTEMPATH\View\View.php(229): CodeIgniter\View\View->CodeIgniter\View\{closure}()
 4 SYSTEMPATH\Common.php(1188): CodeIgniter\View\View->render('add_product', [], true)
 5 APPPATH\Controllers\ProductCrud.php(20): view('add_product')
 6 SYSTEMPATH\CodeIgniter.php(919): App\Controllers\ProductCrud->create()
 7 SYSTEMPATH\CodeIgniter.php(494): CodeIgniter\CodeIgniter->runController(Object(App\Controllers\ProductCrud))
 8 SYSTEMPATH\CodeIgniter.php(353): CodeIgniter\CodeIgniter->handleRequest(null, Object(Config\Cache), false)
 9 FCPATH\index.php(79): CodeIgniter\CodeIgniter->run()
10 SYSTEMPATH\Commands\Server\rewrite.php(47): require_once('D:\\laragon\\www\\crud\\public\\index.php')
CRITICAL - 2023-09-21 13:08:06 --> Undefined variable $categories
in APPPATH\Views\add_product.php on line 33.
 1 APPPATH\Views\add_product.php(33): CodeIgniter\Debug\Exceptions->errorHandler(2, 'Undefined variable $categories', 'D:\\laragon\\www\\crud\\app\\Views\\add_product.php', 33)
 2 SYSTEMPATH\View\View.php(226): include('D:\\laragon\\www\\crud\\app\\Views\\add_product.php')
 3 SYSTEMPATH\View\View.php(229): CodeIgniter\View\View->CodeIgniter\View\{closure}()
 4 SYSTEMPATH\Common.php(1188): CodeIgniter\View\View->render('add_product', [], true)
 5 APPPATH\Controllers\ProductCrud.php(20): view('add_product')
 6 SYSTEMPATH\CodeIgniter.php(919): App\Controllers\ProductCrud->create()
 7 SYSTEMPATH\CodeIgniter.php(494): CodeIgniter\CodeIgniter->runController(Object(App\Controllers\ProductCrud))
 8 SYSTEMPATH\CodeIgniter.php(353): CodeIgniter\CodeIgniter->handleRequest(null, Object(Config\Cache), false)
 9 FCPATH\index.php(79): CodeIgniter\CodeIgniter->run()
10 SYSTEMPATH\Commands\Server\rewrite.php(47): require_once('D:\\laragon\\www\\crud\\public\\index.php')
CRITICAL - 2023-09-21 13:08:06 --> Undefined variable $categories
in APPPATH\Views\add_product.php on line 33.
 1 APPPATH\Views\add_product.php(33): CodeIgniter\Debug\Exceptions->errorHandler(2, 'Undefined variable $categories', 'D:\\laragon\\www\\crud\\app\\Views\\add_product.php', 33)
 2 SYSTEMPATH\View\View.php(226): include('D:\\laragon\\www\\crud\\app\\Views\\add_product.php')
 3 SYSTEMPATH\View\View.php(229): CodeIgniter\View\View->CodeIgniter\View\{closure}()
 4 SYSTEMPATH\Common.php(1188): CodeIgniter\View\View->render('add_product', [], true)
 5 APPPATH\Controllers\ProductCrud.php(20): view('add_product')
 6 SYSTEMPATH\CodeIgniter.php(919): App\Controllers\ProductCrud->create()
 7 SYSTEMPATH\CodeIgniter.php(494): CodeIgniter\CodeIgniter->runController(Object(App\Controllers\ProductCrud))
 8 SYSTEMPATH\CodeIgniter.php(353): CodeIgniter\CodeIgniter->handleRequest(null, Object(Config\Cache), false)
 9 FCPATH\index.php(79): CodeIgniter\CodeIgniter->run()
10 SYSTEMPATH\Commands\Server\rewrite.php(47): require_once('D:\\laragon\\www\\crud\\public\\index.php')
CRITICAL - 2023-09-21 13:08:40 --> Undefined variable $ProductCategory
in APPPATH\Views\add_product.php on line 33.
 1 APPPATH\Views\add_product.php(33): CodeIgniter\Debug\Exceptions->errorHandler(2, 'Undefined variable $ProductCategory', 'D:\\laragon\\www\\crud\\app\\Views\\add_product.php', 33)
 2 SYSTEMPATH\View\View.php(226): include('D:\\laragon\\www\\crud\\app\\Views\\add_product.php')
 3 SYSTEMPATH\View\View.php(229): CodeIgniter\View\View->CodeIgniter\View\{closure}()
 4 SYSTEMPATH\Common.php(1188): CodeIgniter\View\View->render('add_product', [], true)
 5 APPPATH\Controllers\ProductCrud.php(20): view('add_product')
 6 SYSTEMPATH\CodeIgniter.php(919): App\Controllers\ProductCrud->create()
 7 SYSTEMPATH\CodeIgniter.php(494): CodeIgniter\CodeIgniter->runController(Object(App\Controllers\ProductCrud))
 8 SYSTEMPATH\CodeIgniter.php(353): CodeIgniter\CodeIgniter->handleRequest(null, Object(Config\Cache), false)
 9 FCPATH\index.php(79): CodeIgniter\CodeIgniter->run()
10 SYSTEMPATH\Commands\Server\rewrite.php(47): require_once('D:\\laragon\\www\\crud\\public\\index.php')
CRITICAL - 2023-09-21 13:08:41 --> Undefined variable $ProductCategory
in APPPATH\Views\add_product.php on line 33.
 1 APPPATH\Views\add_product.php(33): CodeIgniter\Debug\Exceptions->errorHandler(2, 'Undefined variable $ProductCategory', 'D:\\laragon\\www\\crud\\app\\Views\\add_product.php', 33)
 2 SYSTEMPATH\View\View.php(226): include('D:\\laragon\\www\\crud\\app\\Views\\add_product.php')
 3 SYSTEMPATH\View\View.php(229): CodeIgniter\View\View->CodeIgniter\View\{closure}()
 4 SYSTEMPATH\Common.php(1188): CodeIgniter\View\View->render('add_product', [], true)
 5 APPPATH\Controllers\ProductCrud.php(20): view('add_product')
 6 SYSTEMPATH\CodeIgniter.php(919): App\Controllers\ProductCrud->create()
 7 SYSTEMPATH\CodeIgniter.php(494): CodeIgniter\CodeIgniter->runController(Object(App\Controllers\ProductCrud))
 8 SYSTEMPATH\CodeIgniter.php(353): CodeIgniter\CodeIgniter->handleRequest(null, Object(Config\Cache), false)
 9 FCPATH\index.php(79): CodeIgniter\CodeIgniter->run()
10 SYSTEMPATH\Commands\Server\rewrite.php(47): require_once('D:\\laragon\\www\\crud\\public\\index.php')
CRITICAL - 2023-09-21 13:08:42 --> Undefined variable $ProductCategory
in APPPATH\Views\add_product.php on line 33.
 1 APPPATH\Views\add_product.php(33): CodeIgniter\Debug\Exceptions->errorHandler(2, 'Undefined variable $ProductCategory', 'D:\\laragon\\www\\crud\\app\\Views\\add_product.php', 33)
 2 SYSTEMPATH\View\View.php(226): include('D:\\laragon\\www\\crud\\app\\Views\\add_product.php')
 3 SYSTEMPATH\View\View.php(229): CodeIgniter\View\View->CodeIgniter\View\{closure}()
 4 SYSTEMPATH\Common.php(1188): CodeIgniter\View\View->render('add_product', [], true)
 5 APPPATH\Controllers\ProductCrud.php(20): view('add_product')
 6 SYSTEMPATH\CodeIgniter.php(919): App\Controllers\ProductCrud->create()
 7 SYSTEMPATH\CodeIgniter.php(494): CodeIgniter\CodeIgniter->runController(Object(App\Controllers\ProductCrud))
 8 SYSTEMPATH\CodeIgniter.php(353): CodeIgniter\CodeIgniter->handleRequest(null, Object(Config\Cache), false)
 9 FCPATH\index.php(79): CodeIgniter\CodeIgniter->run()
10 SYSTEMPATH\Commands\Server\rewrite.php(47): require_once('D:\\laragon\\www\\crud\\public\\index.php')
CRITICAL - 2023-09-21 13:12:24 --> Undefined variable $ProductCategory
in APPPATH\Views\add_product.php on line 33.
 1 APPPATH\Views\add_product.php(33): CodeIgniter\Debug\Exceptions->errorHandler(2, 'Undefined variable $ProductCategory', 'D:\\laragon\\www\\crud\\app\\Views\\add_product.php', 33)
 2 SYSTEMPATH\View\View.php(226): include('D:\\laragon\\www\\crud\\app\\Views\\add_product.php')
 3 SYSTEMPATH\View\View.php(229): CodeIgniter\View\View->CodeIgniter\View\{closure}()
 4 SYSTEMPATH\Common.php(1188): CodeIgniter\View\View->render('add_product', [], true)
 5 APPPATH\Controllers\ProductCrud.php(20): view('add_product')
 6 SYSTEMPATH\CodeIgniter.php(919): App\Controllers\ProductCrud->create()
 7 SYSTEMPATH\CodeIgniter.php(494): CodeIgniter\CodeIgniter->runController(Object(App\Controllers\ProductCrud))
 8 SYSTEMPATH\CodeIgniter.php(353): CodeIgniter\CodeIgniter->handleRequest(null, Object(Config\Cache), false)
 9 FCPATH\index.php(79): CodeIgniter\CodeIgniter->run()
10 SYSTEMPATH\Commands\Server\rewrite.php(47): require_once('D:\\laragon\\www\\crud\\public\\index.php')
CRITICAL - 2023-09-21 13:12:24 --> Undefined variable $ProductCategory
in APPPATH\Views\add_product.php on line 33.
 1 APPPATH\Views\add_product.php(33): CodeIgniter\Debug\Exceptions->errorHandler(2, 'Undefined variable $ProductCategory', 'D:\\laragon\\www\\crud\\app\\Views\\add_product.php', 33)
 2 SYSTEMPATH\View\View.php(226): include('D:\\laragon\\www\\crud\\app\\Views\\add_product.php')
 3 SYSTEMPATH\View\View.php(229): CodeIgniter\View\View->CodeIgniter\View\{closure}()
 4 SYSTEMPATH\Common.php(1188): CodeIgniter\View\View->render('add_product', [], true)
 5 APPPATH\Controllers\ProductCrud.php(20): view('add_product')
 6 SYSTEMPATH\CodeIgniter.php(919): App\Controllers\ProductCrud->create()
 7 SYSTEMPATH\CodeIgniter.php(494): CodeIgniter\CodeIgniter->runController(Object(App\Controllers\ProductCrud))
 8 SYSTEMPATH\CodeIgniter.php(353): CodeIgniter\CodeIgniter->handleRequest(null, Object(Config\Cache), false)
 9 FCPATH\index.php(79): CodeIgniter\CodeIgniter->run()
10 SYSTEMPATH\Commands\Server\rewrite.php(47): require_once('D:\\laragon\\www\\crud\\public\\index.php')
CRITICAL - 2023-09-21 13:12:24 --> Undefined variable $ProductCategory
in APPPATH\Views\add_product.php on line 33.
 1 APPPATH\Views\add_product.php(33): CodeIgniter\Debug\Exceptions->errorHandler(2, 'Undefined variable $ProductCategory', 'D:\\laragon\\www\\crud\\app\\Views\\add_product.php', 33)
 2 SYSTEMPATH\View\View.php(226): include('D:\\laragon\\www\\crud\\app\\Views\\add_product.php')
 3 SYSTEMPATH\View\View.php(229): CodeIgniter\View\View->CodeIgniter\View\{closure}()
 4 SYSTEMPATH\Common.php(1188): CodeIgniter\View\View->render('add_product', [], true)
 5 APPPATH\Controllers\ProductCrud.php(20): view('add_product')
 6 SYSTEMPATH\CodeIgniter.php(919): App\Controllers\ProductCrud->create()
 7 SYSTEMPATH\CodeIgniter.php(494): CodeIgniter\CodeIgniter->runController(Object(App\Controllers\ProductCrud))
 8 SYSTEMPATH\CodeIgniter.php(353): CodeIgniter\CodeIgniter->handleRequest(null, Object(Config\Cache), false)
 9 FCPATH\index.php(79): CodeIgniter\CodeIgniter->run()
10 SYSTEMPATH\Commands\Server\rewrite.php(47): require_once('D:\\laragon\\www\\crud\\public\\index.php')
CRITICAL - 2023-09-21 13:14:12 --> Undefined variable $categories
in APPPATH\Views\add_product.php on line 33.
 1 APPPATH\Views\add_product.php(33): CodeIgniter\Debug\Exceptions->errorHandler(2, 'Undefined variable $categories', 'D:\\laragon\\www\\crud\\app\\Views\\add_product.php', 33)
 2 SYSTEMPATH\View\View.php(226): include('D:\\laragon\\www\\crud\\app\\Views\\add_product.php')
 3 SYSTEMPATH\View\View.php(229): CodeIgniter\View\View->CodeIgniter\View\{closure}()
 4 SYSTEMPATH\Common.php(1188): CodeIgniter\View\View->render('add_product', [], true)
 5 APPPATH\Controllers\ProductCrud.php(20): view('add_product')
 6 SYSTEMPATH\CodeIgniter.php(919): App\Controllers\ProductCrud->create()
 7 SYSTEMPATH\CodeIgniter.php(494): CodeIgniter\CodeIgniter->runController(Object(App\Controllers\ProductCrud))
 8 SYSTEMPATH\CodeIgniter.php(353): CodeIgniter\CodeIgniter->handleRequest(null, Object(Config\Cache), false)
 9 FCPATH\index.php(79): CodeIgniter\CodeIgniter->run()
10 SYSTEMPATH\Commands\Server\rewrite.php(47): require_once('D:\\laragon\\www\\crud\\public\\index.php')
CRITICAL - 2023-09-21 13:15:39 --> Undefined variable $ProductCategory
in APPPATH\Views\add_product.php on line 33.
 1 APPPATH\Views\add_product.php(33): CodeIgniter\Debug\Exceptions->errorHandler(2, 'Undefined variable $ProductCategory', 'D:\\laragon\\www\\crud\\app\\Views\\add_product.php', 33)
 2 SYSTEMPATH\View\View.php(226): include('D:\\laragon\\www\\crud\\app\\Views\\add_product.php')
 3 SYSTEMPATH\View\View.php(229): CodeIgniter\View\View->CodeIgniter\View\{closure}()
 4 SYSTEMPATH\Common.php(1188): CodeIgniter\View\View->render('add_product', [], true)
 5 APPPATH\Controllers\ProductCrud.php(20): view('add_product')
 6 SYSTEMPATH\CodeIgniter.php(919): App\Controllers\ProductCrud->create()
 7 SYSTEMPATH\CodeIgniter.php(494): CodeIgniter\CodeIgniter->runController(Object(App\Controllers\ProductCrud))
 8 SYSTEMPATH\CodeIgniter.php(353): CodeIgniter\CodeIgniter->handleRequest(null, Object(Config\Cache), false)
 9 FCPATH\index.php(79): CodeIgniter\CodeIgniter->run()
10 SYSTEMPATH\Commands\Server\rewrite.php(47): require_once('D:\\laragon\\www\\crud\\public\\index.php')
CRITICAL - 2023-09-21 13:15:40 --> Undefined variable $ProductCategory
in APPPATH\Views\add_product.php on line 33.
 1 APPPATH\Views\add_product.php(33): CodeIgniter\Debug\Exceptions->errorHandler(2, 'Undefined variable $ProductCategory', 'D:\\laragon\\www\\crud\\app\\Views\\add_product.php', 33)
 2 SYSTEMPATH\View\View.php(226): include('D:\\laragon\\www\\crud\\app\\Views\\add_product.php')
 3 SYSTEMPATH\View\View.php(229): CodeIgniter\View\View->CodeIgniter\View\{closure}()
 4 SYSTEMPATH\Common.php(1188): CodeIgniter\View\View->render('add_product', [], true)
 5 APPPATH\Controllers\ProductCrud.php(20): view('add_product')
 6 SYSTEMPATH\CodeIgniter.php(919): App\Controllers\ProductCrud->create()
 7 SYSTEMPATH\CodeIgniter.php(494): CodeIgniter\CodeIgniter->runController(Object(App\Controllers\ProductCrud))
 8 SYSTEMPATH\CodeIgniter.php(353): CodeIgniter\CodeIgniter->handleRequest(null, Object(Config\Cache), false)
 9 FCPATH\index.php(79): CodeIgniter\CodeIgniter->run()
10 SYSTEMPATH\Commands\Server\rewrite.php(47): require_once('D:\\laragon\\www\\crud\\public\\index.php')
CRITICAL - 2023-09-21 13:16:26 --> Undefined variable $categories
in APPPATH\Views\add_product.php on line 33.
 1 APPPATH\Views\add_product.php(33): CodeIgniter\Debug\Exceptions->errorHandler(2, 'Undefined variable $categories', 'D:\\laragon\\www\\crud\\app\\Views\\add_product.php', 33)
 2 SYSTEMPATH\View\View.php(226): include('D:\\laragon\\www\\crud\\app\\Views\\add_product.php')
 3 SYSTEMPATH\View\View.php(229): CodeIgniter\View\View->CodeIgniter\View\{closure}()
 4 SYSTEMPATH\Common.php(1188): CodeIgniter\View\View->render('add_product', [], true)
 5 APPPATH\Controllers\ProductCrud.php(20): view('add_product')
 6 SYSTEMPATH\CodeIgniter.php(919): App\Controllers\ProductCrud->create()
 7 SYSTEMPATH\CodeIgniter.php(494): CodeIgniter\CodeIgniter->runController(Object(App\Controllers\ProductCrud))
 8 SYSTEMPATH\CodeIgniter.php(353): CodeIgniter\CodeIgniter->handleRequest(null, Object(Config\Cache), false)
 9 FCPATH\index.php(79): CodeIgniter\CodeIgniter->run()
10 SYSTEMPATH\Commands\Server\rewrite.php(47): require_once('D:\\laragon\\www\\crud\\public\\index.php')
CRITICAL - 2023-09-21 13:16:27 --> Undefined variable $categories
in APPPATH\Views\add_product.php on line 33.
 1 APPPATH\Views\add_product.php(33): CodeIgniter\Debug\Exceptions->errorHandler(2, 'Undefined variable $categories', 'D:\\laragon\\www\\crud\\app\\Views\\add_product.php', 33)
 2 SYSTEMPATH\View\View.php(226): include('D:\\laragon\\www\\crud\\app\\Views\\add_product.php')
 3 SYSTEMPATH\View\View.php(229): CodeIgniter\View\View->CodeIgniter\View\{closure}()
 4 SYSTEMPATH\Common.php(1188): CodeIgniter\View\View->render('add_product', [], true)
 5 APPPATH\Controllers\ProductCrud.php(20): view('add_product')
 6 SYSTEMPATH\CodeIgniter.php(919): App\Controllers\ProductCrud->create()
 7 SYSTEMPATH\CodeIgniter.php(494): CodeIgniter\CodeIgniter->runController(Object(App\Controllers\ProductCrud))
 8 SYSTEMPATH\CodeIgniter.php(353): CodeIgniter\CodeIgniter->handleRequest(null, Object(Config\Cache), false)
 9 FCPATH\index.php(79): CodeIgniter\CodeIgniter->run()
10 SYSTEMPATH\Commands\Server\rewrite.php(47): require_once('D:\\laragon\\www\\crud\\public\\index.php')
CRITICAL - 2023-09-21 13:16:27 --> Undefined variable $categories
in APPPATH\Views\add_product.php on line 33.
 1 APPPATH\Views\add_product.php(33): CodeIgniter\Debug\Exceptions->errorHandler(2, 'Undefined variable $categories', 'D:\\laragon\\www\\crud\\app\\Views\\add_product.php', 33)
 2 SYSTEMPATH\View\View.php(226): include('D:\\laragon\\www\\crud\\app\\Views\\add_product.php')
 3 SYSTEMPATH\View\View.php(229): CodeIgniter\View\View->CodeIgniter\View\{closure}()
 4 SYSTEMPATH\Common.php(1188): CodeIgniter\View\View->render('add_product', [], true)
 5 APPPATH\Controllers\ProductCrud.php(20): view('add_product')
 6 SYSTEMPATH\CodeIgniter.php(919): App\Controllers\ProductCrud->create()
 7 SYSTEMPATH\CodeIgniter.php(494): CodeIgniter\CodeIgniter->runController(Object(App\Controllers\ProductCrud))
 8 SYSTEMPATH\CodeIgniter.php(353): CodeIgniter\CodeIgniter->handleRequest(null, Object(Config\Cache), false)
 9 FCPATH\index.php(79): CodeIgniter\CodeIgniter->run()
10 SYSTEMPATH\Commands\Server\rewrite.php(47): require_once('D:\\laragon\\www\\crud\\public\\index.php')
CRITICAL - 2023-09-21 13:18:33 --> Undefined variable $categories
in APPPATH\Views\add_product.php on line 33.
 1 APPPATH\Views\add_product.php(33): CodeIgniter\Debug\Exceptions->errorHandler(2, 'Undefined variable $categories', 'D:\\laragon\\www\\crud\\app\\Views\\add_product.php', 33)
 2 SYSTEMPATH\View\View.php(226): include('D:\\laragon\\www\\crud\\app\\Views\\add_product.php')
 3 SYSTEMPATH\View\View.php(229): CodeIgniter\View\View->CodeIgniter\View\{closure}()
 4 SYSTEMPATH\Common.php(1188): CodeIgniter\View\View->render('add_product', [], true)
 5 APPPATH\Controllers\ProductCrud.php(20): view('add_product')
 6 SYSTEMPATH\CodeIgniter.php(919): App\Controllers\ProductCrud->create()
 7 SYSTEMPATH\CodeIgniter.php(494): CodeIgniter\CodeIgniter->runController(Object(App\Controllers\ProductCrud))
 8 SYSTEMPATH\CodeIgniter.php(353): CodeIgniter\CodeIgniter->handleRequest(null, Object(Config\Cache), false)
 9 FCPATH\index.php(79): CodeIgniter\CodeIgniter->run()
10 SYSTEMPATH\Commands\Server\rewrite.php(47): require_once('D:\\laragon\\www\\crud\\public\\index.php')
CRITICAL - 2023-09-21 13:18:34 --> Undefined variable $categories
in APPPATH\Views\add_product.php on line 33.
 1 APPPATH\Views\add_product.php(33): CodeIgniter\Debug\Exceptions->errorHandler(2, 'Undefined variable $categories', 'D:\\laragon\\www\\crud\\app\\Views\\add_product.php', 33)
 2 SYSTEMPATH\View\View.php(226): include('D:\\laragon\\www\\crud\\app\\Views\\add_product.php')
 3 SYSTEMPATH\View\View.php(229): CodeIgniter\View\View->CodeIgniter\View\{closure}()
 4 SYSTEMPATH\Common.php(1188): CodeIgniter\View\View->render('add_product', [], true)
 5 APPPATH\Controllers\ProductCrud.php(20): view('add_product')
 6 SYSTEMPATH\CodeIgniter.php(919): App\Controllers\ProductCrud->create()
 7 SYSTEMPATH\CodeIgniter.php(494): CodeIgniter\CodeIgniter->runController(Object(App\Controllers\ProductCrud))
 8 SYSTEMPATH\CodeIgniter.php(353): CodeIgniter\CodeIgniter->handleRequest(null, Object(Config\Cache), false)
 9 FCPATH\index.php(79): CodeIgniter\CodeIgniter->run()
10 SYSTEMPATH\Commands\Server\rewrite.php(47): require_once('D:\\laragon\\www\\crud\\public\\index.php')
CRITICAL - 2023-09-21 13:18:34 --> Undefined variable $categories
in APPPATH\Views\add_product.php on line 33.
 1 APPPATH\Views\add_product.php(33): CodeIgniter\Debug\Exceptions->errorHandler(2, 'Undefined variable $categories', 'D:\\laragon\\www\\crud\\app\\Views\\add_product.php', 33)
 2 SYSTEMPATH\View\View.php(226): include('D:\\laragon\\www\\crud\\app\\Views\\add_product.php')
 3 SYSTEMPATH\View\View.php(229): CodeIgniter\View\View->CodeIgniter\View\{closure}()
 4 SYSTEMPATH\Common.php(1188): CodeIgniter\View\View->render('add_product', [], true)
 5 APPPATH\Controllers\ProductCrud.php(20): view('add_product')
 6 SYSTEMPATH\CodeIgniter.php(919): App\Controllers\ProductCrud->create()
 7 SYSTEMPATH\CodeIgniter.php(494): CodeIgniter\CodeIgniter->runController(Object(App\Controllers\ProductCrud))
 8 SYSTEMPATH\CodeIgniter.php(353): CodeIgniter\CodeIgniter->handleRequest(null, Object(Config\Cache), false)
 9 FCPATH\index.php(79): CodeIgniter\CodeIgniter->run()
10 SYSTEMPATH\Commands\Server\rewrite.php(47): require_once('D:\\laragon\\www\\crud\\public\\index.php')
CRITICAL - 2023-09-21 13:18:34 --> Undefined variable $categories
in APPPATH\Views\add_product.php on line 33.
 1 APPPATH\Views\add_product.php(33): CodeIgniter\Debug\Exceptions->errorHandler(2, 'Undefined variable $categories', 'D:\\laragon\\www\\crud\\app\\Views\\add_product.php', 33)
 2 SYSTEMPATH\View\View.php(226): include('D:\\laragon\\www\\crud\\app\\Views\\add_product.php')
 3 SYSTEMPATH\View\View.php(229): CodeIgniter\View\View->CodeIgniter\View\{closure}()
 4 SYSTEMPATH\Common.php(1188): CodeIgniter\View\View->render('add_product', [], true)
 5 APPPATH\Controllers\ProductCrud.php(20): view('add_product')
 6 SYSTEMPATH\CodeIgniter.php(919): App\Controllers\ProductCrud->create()
 7 SYSTEMPATH\CodeIgniter.php(494): CodeIgniter\CodeIgniter->runController(Object(App\Controllers\ProductCrud))
 8 SYSTEMPATH\CodeIgniter.php(353): CodeIgniter\CodeIgniter->handleRequest(null, Object(Config\Cache), false)
 9 FCPATH\index.php(79): CodeIgniter\CodeIgniter->run()
10 SYSTEMPATH\Commands\Server\rewrite.php(47): require_once('D:\\laragon\\www\\crud\\public\\index.php')
ERROR - 2023-09-21 13:21:37 --> mysqli_sql_exception: Column 'ProductCategory' cannot be null in D:\laragon\www\crud\system\Database\MySQLi\Connection.php:306
Stack trace:
#0 D:\laragon\www\crud\system\Database\MySQLi\Connection.php(306): mysqli->query('INSERT INTO `ta...', 0)
#1 D:\laragon\www\crud\system\Database\BaseConnection.php(692): CodeIgniter\Database\MySQLi\Connection->execute('INSERT INTO `ta...')
#2 D:\laragon\www\crud\system\Database\BaseConnection.php(606): CodeIgniter\Database\BaseConnection->simpleQuery('INSERT INTO `ta...')
#3 D:\laragon\www\crud\system\Database\BaseBuilder.php(2308): CodeIgniter\Database\BaseConnection->query('INSERT INTO `ta...', Array, false)
#4 D:\laragon\www\crud\system\Model.php(319): CodeIgniter\Database\BaseBuilder->insert()
#5 D:\laragon\www\crud\system\BaseModel.php(788): CodeIgniter\Model->doInsert(Array)
#6 D:\laragon\www\crud\system\Model.php(715): CodeIgniter\BaseModel->insert(Array, true)
#7 D:\laragon\www\crud\app\Controllers\ProductCrud.php(33): CodeIgniter\Model->insert(Array)
#8 D:\laragon\www\crud\system\CodeIgniter.php(919): App\Controllers\ProductCrud->store()
#9 D:\laragon\www\crud\system\CodeIgniter.php(494): CodeIgniter\CodeIgniter->runController(Object(App\Controllers\ProductCrud))
#10 D:\laragon\www\crud\system\CodeIgniter.php(353): CodeIgniter\CodeIgniter->handleRequest(NULL, Object(Config\Cache), false)
#11 D:\laragon\www\crud\public\index.php(79): CodeIgniter\CodeIgniter->run()
#12 D:\laragon\www\crud\system\Commands\Server\rewrite.php(47): require_once('D:\\laragon\\www\\...')
#13 {main}
CRITICAL - 2023-09-21 13:21:37 --> Column 'ProductCategory' cannot be null
in SYSTEMPATH\Database\BaseConnection.php on line 646.
 1 SYSTEMPATH\Database\BaseBuilder.php(2308): CodeIgniter\Database\BaseConnection->query('INSERT INTO `table_products` (`ProductName`, `ProductDescription`, `ProductCategory`, `ProductQuantity`, `ProductPrice`) VALUES (:ProductName:, :ProductDescription:, :ProductCategory:, :ProductQuantity:, :ProductPrice:)', [...], false)
 2 SYSTEMPATH\Model.php(319): CodeIgniter\Database\BaseBuilder->insert()
 3 SYSTEMPATH\BaseModel.php(788): CodeIgniter\Model->doInsert([...])
 4 SYSTEMPATH\Model.php(715): CodeIgniter\BaseModel->insert([...], true)
 5 APPPATH\Controllers\ProductCrud.php(33): CodeIgniter\Model->insert([...])
 6 SYSTEMPATH\CodeIgniter.php(919): App\Controllers\ProductCrud->store()
 7 SYSTEMPATH\CodeIgniter.php(494): CodeIgniter\CodeIgniter->runController(Object(App\Controllers\ProductCrud))
 8 SYSTEMPATH\CodeIgniter.php(353): CodeIgniter\CodeIgniter->handleRequest(null, Object(Config\Cache), false)
 9 FCPATH\index.php(79): CodeIgniter\CodeIgniter->run()
10 SYSTEMPATH\Commands\Server\rewrite.php(47): require_once('D:\\laragon\\www\\crud\\public\\index.php')
ERROR - 2023-09-21 13:22:07 --> mysqli_sql_exception: Column 'ProductCategory' cannot be null in D:\laragon\www\crud\system\Database\MySQLi\Connection.php:306
Stack trace:
#0 D:\laragon\www\crud\system\Database\MySQLi\Connection.php(306): mysqli->query('INSERT INTO `ta...', 0)
#1 D:\laragon\www\crud\system\Database\BaseConnection.php(692): CodeIgniter\Database\MySQLi\Connection->execute('INSERT INTO `ta...')
#2 D:\laragon\www\crud\system\Database\BaseConnection.php(606): CodeIgniter\Database\BaseConnection->simpleQuery('INSERT INTO `ta...')
#3 D:\laragon\www\crud\system\Database\BaseBuilder.php(2308): CodeIgniter\Database\BaseConnection->query('INSERT INTO `ta...', Array, false)
#4 D:\laragon\www\crud\system\Model.php(319): CodeIgniter\Database\BaseBuilder->insert()
#5 D:\laragon\www\crud\system\BaseModel.php(788): CodeIgniter\Model->doInsert(Array)
#6 D:\laragon\www\crud\system\Model.php(715): CodeIgniter\BaseModel->insert(Array, true)
#7 D:\laragon\www\crud\app\Controllers\ProductCrud.php(33): CodeIgniter\Model->insert(Array)
#8 D:\laragon\www\crud\system\CodeIgniter.php(919): App\Controllers\ProductCrud->store()
#9 D:\laragon\www\crud\system\CodeIgniter.php(494): CodeIgniter\CodeIgniter->runController(Object(App\Controllers\ProductCrud))
#10 D:\laragon\www\crud\system\CodeIgniter.php(353): CodeIgniter\CodeIgniter->handleRequest(NULL, Object(Config\Cache), false)
#11 D:\laragon\www\crud\public\index.php(79): CodeIgniter\CodeIgniter->run()
#12 D:\laragon\www\crud\system\Commands\Server\rewrite.php(47): require_once('D:\\laragon\\www\\...')
#13 {main}
CRITICAL - 2023-09-21 13:22:07 --> Column 'ProductCategory' cannot be null
in SYSTEMPATH\Database\BaseConnection.php on line 646.
 1 SYSTEMPATH\Database\BaseBuilder.php(2308): CodeIgniter\Database\BaseConnection->query('INSERT INTO `table_products` (`ProductName`, `ProductDescription`, `ProductCategory`, `ProductQuantity`, `ProductPrice`) VALUES (:ProductName:, :ProductDescription:, :ProductCategory:, :ProductQuantity:, :ProductPrice:)', [...], false)
 2 SYSTEMPATH\Model.php(319): CodeIgniter\Database\BaseBuilder->insert()
 3 SYSTEMPATH\BaseModel.php(788): CodeIgniter\Model->doInsert([...])
 4 SYSTEMPATH\Model.php(715): CodeIgniter\BaseModel->insert([...], true)
 5 APPPATH\Controllers\ProductCrud.php(33): CodeIgniter\Model->insert([...])
 6 SYSTEMPATH\CodeIgniter.php(919): App\Controllers\ProductCrud->store()
 7 SYSTEMPATH\CodeIgniter.php(494): CodeIgniter\CodeIgniter->runController(Object(App\Controllers\ProductCrud))
 8 SYSTEMPATH\CodeIgniter.php(353): CodeIgniter\CodeIgniter->handleRequest(null, Object(Config\Cache), false)
 9 FCPATH\index.php(79): CodeIgniter\CodeIgniter->run()
10 SYSTEMPATH\Commands\Server\rewrite.php(47): require_once('D:\\laragon\\www\\crud\\public\\index.php')
CRITICAL - 2023-09-21 13:28:51 --> Undefined variable $categories
in APPPATH\Views\add_product.php on line 33.
 1 APPPATH\Views\add_product.php(33): CodeIgniter\Debug\Exceptions->errorHandler(2, 'Undefined variable $categories', 'D:\\laragon\\www\\crud\\app\\Views\\add_product.php', 33)
 2 SYSTEMPATH\View\View.php(226): include('D:\\laragon\\www\\crud\\app\\Views\\add_product.php')
 3 SYSTEMPATH\View\View.php(229): CodeIgniter\View\View->CodeIgniter\View\{closure}()
 4 SYSTEMPATH\Common.php(1188): CodeIgniter\View\View->render('add_product', [], true)
 5 APPPATH\Controllers\ProductCrud.php(15): view('add_product')
 6 SYSTEMPATH\CodeIgniter.php(919): App\Controllers\ProductCrud->create()
 7 SYSTEMPATH\CodeIgniter.php(494): CodeIgniter\CodeIgniter->runController(Object(App\Controllers\ProductCrud))
 8 SYSTEMPATH\CodeIgniter.php(353): CodeIgniter\CodeIgniter->handleRequest(null, Object(Config\Cache), false)
 9 FCPATH\index.php(79): CodeIgniter\CodeIgniter->run()
10 SYSTEMPATH\Commands\Server\rewrite.php(47): require_once('D:\\laragon\\www\\crud\\public\\index.php')
CRITICAL - 2023-09-21 13:30:56 --> Undefined variable $ProductCategory
in APPPATH\Views\add_product.php on line 33.
 1 APPPATH\Views\add_product.php(33): CodeIgniter\Debug\Exceptions->errorHandler(2, 'Undefined variable $ProductCategory', 'D:\\laragon\\www\\crud\\app\\Views\\add_product.php', 33)
 2 SYSTEMPATH\View\View.php(226): include('D:\\laragon\\www\\crud\\app\\Views\\add_product.php')
 3 SYSTEMPATH\View\View.php(229): CodeIgniter\View\View->CodeIgniter\View\{closure}()
 4 SYSTEMPATH\Common.php(1188): CodeIgniter\View\View->render('add_product', [], true)
 5 APPPATH\Controllers\ProductCrud.php(16): view('add_product')
 6 SYSTEMPATH\CodeIgniter.php(919): App\Controllers\ProductCrud->create()
 7 SYSTEMPATH\CodeIgniter.php(494): CodeIgniter\CodeIgniter->runController(Object(App\Controllers\ProductCrud))
 8 SYSTEMPATH\CodeIgniter.php(353): CodeIgniter\CodeIgniter->handleRequest(null, Object(Config\Cache), false)
 9 FCPATH\index.php(79): CodeIgniter\CodeIgniter->run()
10 SYSTEMPATH\Commands\Server\rewrite.php(47): require_once('D:\\laragon\\www\\crud\\public\\index.php')
CRITICAL - 2023-09-21 13:30:57 --> Undefined variable $ProductCategory
in APPPATH\Views\add_product.php on line 33.
 1 APPPATH\Views\add_product.php(33): CodeIgniter\Debug\Exceptions->errorHandler(2, 'Undefined variable $ProductCategory', 'D:\\laragon\\www\\crud\\app\\Views\\add_product.php', 33)
 2 SYSTEMPATH\View\View.php(226): include('D:\\laragon\\www\\crud\\app\\Views\\add_product.php')
 3 SYSTEMPATH\View\View.php(229): CodeIgniter\View\View->CodeIgniter\View\{closure}()
 4 SYSTEMPATH\Common.php(1188): CodeIgniter\View\View->render('add_product', [], true)
 5 APPPATH\Controllers\ProductCrud.php(16): view('add_product')
 6 SYSTEMPATH\CodeIgniter.php(919): App\Controllers\ProductCrud->create()
 7 SYSTEMPATH\CodeIgniter.php(494): CodeIgniter\CodeIgniter->runController(Object(App\Controllers\ProductCrud))
 8 SYSTEMPATH\CodeIgniter.php(353): CodeIgniter\CodeIgniter->handleRequest(null, Object(Config\Cache), false)
 9 FCPATH\index.php(79): CodeIgniter\CodeIgniter->run()
10 SYSTEMPATH\Commands\Server\rewrite.php(47): require_once('D:\\laragon\\www\\crud\\public\\index.php')
CRITICAL - 2023-09-21 13:30:57 --> Undefined variable $ProductCategory
in APPPATH\Views\add_product.php on line 33.
 1 APPPATH\Views\add_product.php(33): CodeIgniter\Debug\Exceptions->errorHandler(2, 'Undefined variable $ProductCategory', 'D:\\laragon\\www\\crud\\app\\Views\\add_product.php', 33)
 2 SYSTEMPATH\View\View.php(226): include('D:\\laragon\\www\\crud\\app\\Views\\add_product.php')
 3 SYSTEMPATH\View\View.php(229): CodeIgniter\View\View->CodeIgniter\View\{closure}()
 4 SYSTEMPATH\Common.php(1188): CodeIgniter\View\View->render('add_product', [], true)
 5 APPPATH\Controllers\ProductCrud.php(16): view('add_product')
 6 SYSTEMPATH\CodeIgniter.php(919): App\Controllers\ProductCrud->create()
 7 SYSTEMPATH\CodeIgniter.php(494): CodeIgniter\CodeIgniter->runController(Object(App\Controllers\ProductCrud))
 8 SYSTEMPATH\CodeIgniter.php(353): CodeIgniter\CodeIgniter->handleRequest(null, Object(Config\Cache), false)
 9 FCPATH\index.php(79): CodeIgniter\CodeIgniter->run()
10 SYSTEMPATH\Commands\Server\rewrite.php(47): require_once('D:\\laragon\\www\\crud\\public\\index.php')
CRITICAL - 2023-09-21 13:31:52 --> syntax error, unexpected token "=", expecting "]"
in APPPATH\Controllers\ProductCrud.php on line 18.
 1 SYSTEMPATH\Autoloader\Autoloader.php(285): CodeIgniter\Autoloader\Autoloader->includeFile('D:\\laragon\\www\\crud\\app\\Controllers\\ProductCrud.php')
 2 SYSTEMPATH\Autoloader\Autoloader.php(263): CodeIgniter\Autoloader\Autoloader->loadInNamespace('App\\Controllers\\ProductCrud')
 3 [internal function]: CodeIgniter\Autoloader\Autoloader->loadClass('App\\Controllers\\ProductCrud')
 4 SYSTEMPATH\CodeIgniter.php(877): class_exists('\\App\\Controllers\\ProductCrud', true)
 5 SYSTEMPATH\CodeIgniter.php(481): CodeIgniter\CodeIgniter->startController()
 6 SYSTEMPATH\CodeIgniter.php(353): CodeIgniter\CodeIgniter->handleRequest(null, Object(Config\Cache), false)
 7 FCPATH\index.php(79): CodeIgniter\CodeIgniter->run()
 8 SYSTEMPATH\Commands\Server\rewrite.php(47): require_once('D:\\laragon\\www\\crud\\public\\index.php')
CRITICAL - 2023-09-21 13:31:54 --> syntax error, unexpected token "=", expecting "]"
in APPPATH\Controllers\ProductCrud.php on line 18.
 1 SYSTEMPATH\Autoloader\Autoloader.php(285): CodeIgniter\Autoloader\Autoloader->includeFile('D:\\laragon\\www\\crud\\app\\Controllers\\ProductCrud.php')
 2 SYSTEMPATH\Autoloader\Autoloader.php(263): CodeIgniter\Autoloader\Autoloader->loadInNamespace('App\\Controllers\\ProductCrud')
 3 [internal function]: CodeIgniter\Autoloader\Autoloader->loadClass('App\\Controllers\\ProductCrud')
 4 SYSTEMPATH\CodeIgniter.php(877): class_exists('\\App\\Controllers\\ProductCrud', true)
 5 SYSTEMPATH\CodeIgniter.php(481): CodeIgniter\CodeIgniter->startController()
 6 SYSTEMPATH\CodeIgniter.php(353): CodeIgniter\CodeIgniter->handleRequest(null, Object(Config\Cache), false)
 7 FCPATH\index.php(79): CodeIgniter\CodeIgniter->run()
 8 SYSTEMPATH\Commands\Server\rewrite.php(47): require_once('D:\\laragon\\www\\crud\\public\\index.php')
CRITICAL - 2023-09-21 13:35:47 --> Undefined variable $categories
in APPPATH\Views\edit_view.php on line 34.
 1 APPPATH\Views\edit_view.php(34): CodeIgniter\Debug\Exceptions->errorHandler(2, 'Undefined variable $categories', 'D:\\laragon\\www\\crud\\app\\Views\\edit_view.php', 34)
 2 SYSTEMPATH\View\View.php(226): include('D:\\laragon\\www\\crud\\app\\Views\\edit_view.php')
 3 SYSTEMPATH\View\View.php(229): CodeIgniter\View\View->CodeIgniter\View\{closure}()
 4 SYSTEMPATH\Common.php(1188): CodeIgniter\View\View->render('edit_view', [], true)
 5 APPPATH\Controllers\ProductCrud.php(42): view('edit_view', [...])
 6 SYSTEMPATH\CodeIgniter.php(919): App\Controllers\ProductCrud->singleUser('17')
 7 SYSTEMPATH\CodeIgniter.php(494): CodeIgniter\CodeIgniter->runController(Object(App\Controllers\ProductCrud))
 8 SYSTEMPATH\CodeIgniter.php(353): CodeIgniter\CodeIgniter->handleRequest(null, Object(Config\Cache), false)
 9 FCPATH\index.php(79): CodeIgniter\CodeIgniter->run()
10 SYSTEMPATH\Commands\Server\rewrite.php(47): require_once('D:\\laragon\\www\\crud\\public\\index.php')
CRITICAL - 2023-09-21 13:36:45 --> Undefined variable $categories
in APPPATH\Views\edit_view.php on line 34.
 1 APPPATH\Views\edit_view.php(34): CodeIgniter\Debug\Exceptions->errorHandler(2, 'Undefined variable $categories', 'D:\\laragon\\www\\crud\\app\\Views\\edit_view.php', 34)
 2 SYSTEMPATH\View\View.php(226): include('D:\\laragon\\www\\crud\\app\\Views\\edit_view.php')
 3 SYSTEMPATH\View\View.php(229): CodeIgniter\View\View->CodeIgniter\View\{closure}()
 4 SYSTEMPATH\Common.php(1188): CodeIgniter\View\View->render('edit_view', [], true)
 5 APPPATH\Controllers\ProductCrud.php(42): view('edit_view', [...])
 6 SYSTEMPATH\CodeIgniter.php(919): App\Controllers\ProductCrud->singleUser('17')
 7 SYSTEMPATH\CodeIgniter.php(494): CodeIgniter\CodeIgniter->runController(Object(App\Controllers\ProductCrud))
 8 SYSTEMPATH\CodeIgniter.php(353): CodeIgniter\CodeIgniter->handleRequest(null, Object(Config\Cache), false)
 9 FCPATH\index.php(79): CodeIgniter\CodeIgniter->run()
10 SYSTEMPATH\Commands\Server\rewrite.php(47): require_once('D:\\laragon\\www\\crud\\public\\index.php')
CRITICAL - 2023-09-21 13:36:46 --> Undefined variable $categories
in APPPATH\Views\edit_view.php on line 34.
 1 APPPATH\Views\edit_view.php(34): CodeIgniter\Debug\Exceptions->errorHandler(2, 'Undefined variable $categories', 'D:\\laragon\\www\\crud\\app\\Views\\edit_view.php', 34)
 2 SYSTEMPATH\View\View.php(226): include('D:\\laragon\\www\\crud\\app\\Views\\edit_view.php')
 3 SYSTEMPATH\View\View.php(229): CodeIgniter\View\View->CodeIgniter\View\{closure}()
 4 SYSTEMPATH\Common.php(1188): CodeIgniter\View\View->render('edit_view', [], true)
 5 APPPATH\Controllers\ProductCrud.php(42): view('edit_view', [...])
 6 SYSTEMPATH\CodeIgniter.php(919): App\Controllers\ProductCrud->singleUser('17')
 7 SYSTEMPATH\CodeIgniter.php(494): CodeIgniter\CodeIgniter->runController(Object(App\Controllers\ProductCrud))
 8 SYSTEMPATH\CodeIgniter.php(353): CodeIgniter\CodeIgniter->handleRequest(null, Object(Config\Cache), false)
 9 FCPATH\index.php(79): CodeIgniter\CodeIgniter->run()
10 SYSTEMPATH\Commands\Server\rewrite.php(47): require_once('D:\\laragon\\www\\crud\\public\\index.php')
CRITICAL - 2023-09-21 13:36:47 --> Undefined variable $categories
in APPPATH\Views\edit_view.php on line 34.
 1 APPPATH\Views\edit_view.php(34): CodeIgniter\Debug\Exceptions->errorHandler(2, 'Undefined variable $categories', 'D:\\laragon\\www\\crud\\app\\Views\\edit_view.php', 34)
 2 SYSTEMPATH\View\View.php(226): include('D:\\laragon\\www\\crud\\app\\Views\\edit_view.php')
 3 SYSTEMPATH\View\View.php(229): CodeIgniter\View\View->CodeIgniter\View\{closure}()
 4 SYSTEMPATH\Common.php(1188): CodeIgniter\View\View->render('edit_view', [], true)
 5 APPPATH\Controllers\ProductCrud.php(42): view('edit_view', [...])
 6 SYSTEMPATH\CodeIgniter.php(919): App\Controllers\ProductCrud->singleUser('17')
 7 SYSTEMPATH\CodeIgniter.php(494): CodeIgniter\CodeIgniter->runController(Object(App\Controllers\ProductCrud))
 8 SYSTEMPATH\CodeIgniter.php(353): CodeIgniter\CodeIgniter->handleRequest(null, Object(Config\Cache), false)
 9 FCPATH\index.php(79): CodeIgniter\CodeIgniter->run()
10 SYSTEMPATH\Commands\Server\rewrite.php(47): require_once('D:\\laragon\\www\\crud\\public\\index.php')
CRITICAL - 2023-09-21 13:36:47 --> Undefined variable $categories
in APPPATH\Views\edit_view.php on line 34.
 1 APPPATH\Views\edit_view.php(34): CodeIgniter\Debug\Exceptions->errorHandler(2, 'Undefined variable $categories', 'D:\\laragon\\www\\crud\\app\\Views\\edit_view.php', 34)
 2 SYSTEMPATH\View\View.php(226): include('D:\\laragon\\www\\crud\\app\\Views\\edit_view.php')
 3 SYSTEMPATH\View\View.php(229): CodeIgniter\View\View->CodeIgniter\View\{closure}()
 4 SYSTEMPATH\Common.php(1188): CodeIgniter\View\View->render('edit_view', [], true)
 5 APPPATH\Controllers\ProductCrud.php(42): view('edit_view', [...])
 6 SYSTEMPATH\CodeIgniter.php(919): App\Controllers\ProductCrud->singleUser('17')
 7 SYSTEMPATH\CodeIgniter.php(494): CodeIgniter\CodeIgniter->runController(Object(App\Controllers\ProductCrud))
 8 SYSTEMPATH\CodeIgniter.php(353): CodeIgniter\CodeIgniter->handleRequest(null, Object(Config\Cache), false)
 9 FCPATH\index.php(79): CodeIgniter\CodeIgniter->run()
10 SYSTEMPATH\Commands\Server\rewrite.php(47): require_once('D:\\laragon\\www\\crud\\public\\index.php')
CRITICAL - 2023-09-21 13:36:47 --> Undefined variable $categories
in APPPATH\Views\edit_view.php on line 34.
 1 APPPATH\Views\edit_view.php(34): CodeIgniter\Debug\Exceptions->errorHandler(2, 'Undefined variable $categories', 'D:\\laragon\\www\\crud\\app\\Views\\edit_view.php', 34)
 2 SYSTEMPATH\View\View.php(226): include('D:\\laragon\\www\\crud\\app\\Views\\edit_view.php')
 3 SYSTEMPATH\View\View.php(229): CodeIgniter\View\View->CodeIgniter\View\{closure}()
 4 SYSTEMPATH\Common.php(1188): CodeIgniter\View\View->render('edit_view', [], true)
 5 APPPATH\Controllers\ProductCrud.php(42): view('edit_view', [...])
 6 SYSTEMPATH\CodeIgniter.php(919): App\Controllers\ProductCrud->singleUser('17')
 7 SYSTEMPATH\CodeIgniter.php(494): CodeIgniter\CodeIgniter->runController(Object(App\Controllers\ProductCrud))
 8 SYSTEMPATH\CodeIgniter.php(353): CodeIgniter\CodeIgniter->handleRequest(null, Object(Config\Cache), false)
 9 FCPATH\index.php(79): CodeIgniter\CodeIgniter->run()
10 SYSTEMPATH\Commands\Server\rewrite.php(47): require_once('D:\\laragon\\www\\crud\\public\\index.php')
CRITICAL - 2023-09-21 13:36:47 --> Undefined variable $categories
in APPPATH\Views\edit_view.php on line 34.
 1 APPPATH\Views\edit_view.php(34): CodeIgniter\Debug\Exceptions->errorHandler(2, 'Undefined variable $categories', 'D:\\laragon\\www\\crud\\app\\Views\\edit_view.php', 34)
 2 SYSTEMPATH\View\View.php(226): include('D:\\laragon\\www\\crud\\app\\Views\\edit_view.php')
 3 SYSTEMPATH\View\View.php(229): CodeIgniter\View\View->CodeIgniter\View\{closure}()
 4 SYSTEMPATH\Common.php(1188): CodeIgniter\View\View->render('edit_view', [], true)
 5 APPPATH\Controllers\ProductCrud.php(42): view('edit_view', [...])
 6 SYSTEMPATH\CodeIgniter.php(919): App\Controllers\ProductCrud->singleUser('17')
 7 SYSTEMPATH\CodeIgniter.php(494): CodeIgniter\CodeIgniter->runController(Object(App\Controllers\ProductCrud))
 8 SYSTEMPATH\CodeIgniter.php(353): CodeIgniter\CodeIgniter->handleRequest(null, Object(Config\Cache), false)
 9 FCPATH\index.php(79): CodeIgniter\CodeIgniter->run()
10 SYSTEMPATH\Commands\Server\rewrite.php(47): require_once('D:\\laragon\\www\\crud\\public\\index.php')
CRITICAL - 2023-09-21 13:42:24 --> syntax error, unexpected token "=", expecting "]"
in APPPATH\Controllers\ProductCrud.php on line 42.
 1 SYSTEMPATH\Autoloader\Autoloader.php(285): CodeIgniter\Autoloader\Autoloader->includeFile('D:\\laragon\\www\\crud\\app\\Controllers\\ProductCrud.php')
 2 SYSTEMPATH\Autoloader\Autoloader.php(263): CodeIgniter\Autoloader\Autoloader->loadInNamespace('App\\Controllers\\ProductCrud')
 3 [internal function]: CodeIgniter\Autoloader\Autoloader->loadClass('App\\Controllers\\ProductCrud')
 4 SYSTEMPATH\CodeIgniter.php(877): class_exists('\\App\\Controllers\\ProductCrud', true)
 5 SYSTEMPATH\CodeIgniter.php(481): CodeIgniter\CodeIgniter->startController()
 6 SYSTEMPATH\CodeIgniter.php(353): CodeIgniter\CodeIgniter->handleRequest(null, Object(Config\Cache), false)
 7 FCPATH\index.php(79): CodeIgniter\CodeIgniter->run()
 8 SYSTEMPATH\Commands\Server\rewrite.php(47): require_once('D:\\laragon\\www\\crud\\public\\index.php')
CRITICAL - 2023-09-21 13:43:10 --> syntax error, unexpected token "=>", expecting "]"
in APPPATH\Controllers\ProductCrud.php on line 42.
 1 SYSTEMPATH\Autoloader\Autoloader.php(285): CodeIgniter\Autoloader\Autoloader->includeFile('D:\\laragon\\www\\crud\\app\\Controllers\\ProductCrud.php')
 2 SYSTEMPATH\Autoloader\Autoloader.php(263): CodeIgniter\Autoloader\Autoloader->loadInNamespace('App\\Controllers\\ProductCrud')
 3 [internal function]: CodeIgniter\Autoloader\Autoloader->loadClass('App\\Controllers\\ProductCrud')
 4 SYSTEMPATH\CodeIgniter.php(877): class_exists('\\App\\Controllers\\ProductCrud', true)
 5 SYSTEMPATH\CodeIgniter.php(481): CodeIgniter\CodeIgniter->startController()
 6 SYSTEMPATH\CodeIgniter.php(353): CodeIgniter\CodeIgniter->handleRequest(null, Object(Config\Cache), false)
 7 FCPATH\index.php(79): CodeIgniter\CodeIgniter->run()
 8 SYSTEMPATH\Commands\Server\rewrite.php(47): require_once('D:\\laragon\\www\\crud\\public\\index.php')
CRITICAL - 2023-09-21 13:43:12 --> syntax error, unexpected token "=>", expecting "]"
in APPPATH\Controllers\ProductCrud.php on line 42.
 1 SYSTEMPATH\Autoloader\Autoloader.php(285): CodeIgniter\Autoloader\Autoloader->includeFile('D:\\laragon\\www\\crud\\app\\Controllers\\ProductCrud.php')
 2 SYSTEMPATH\Autoloader\Autoloader.php(263): CodeIgniter\Autoloader\Autoloader->loadInNamespace('App\\Controllers\\ProductCrud')
 3 [internal function]: CodeIgniter\Autoloader\Autoloader->loadClass('App\\Controllers\\ProductCrud')
 4 SYSTEMPATH\CodeIgniter.php(877): class_exists('\\App\\Controllers\\ProductCrud', true)
 5 SYSTEMPATH\CodeIgniter.php(481): CodeIgniter\CodeIgniter->startController()
 6 SYSTEMPATH\CodeIgniter.php(353): CodeIgniter\CodeIgniter->handleRequest(null, Object(Config\Cache), false)
 7 FCPATH\index.php(79): CodeIgniter\CodeIgniter->run()
 8 SYSTEMPATH\Commands\Server\rewrite.php(47): require_once('D:\\laragon\\www\\crud\\public\\index.php')
CRITICAL - 2023-09-21 13:43:12 --> syntax error, unexpected token "=>", expecting "]"
in APPPATH\Controllers\ProductCrud.php on line 42.
 1 SYSTEMPATH\Autoloader\Autoloader.php(285): CodeIgniter\Autoloader\Autoloader->includeFile('D:\\laragon\\www\\crud\\app\\Controllers\\ProductCrud.php')
 2 SYSTEMPATH\Autoloader\Autoloader.php(263): CodeIgniter\Autoloader\Autoloader->loadInNamespace('App\\Controllers\\ProductCrud')
 3 [internal function]: CodeIgniter\Autoloader\Autoloader->loadClass('App\\Controllers\\ProductCrud')
 4 SYSTEMPATH\CodeIgniter.php(877): class_exists('\\App\\Controllers\\ProductCrud', true)
 5 SYSTEMPATH\CodeIgniter.php(481): CodeIgniter\CodeIgniter->startController()
 6 SYSTEMPATH\CodeIgniter.php(353): CodeIgniter\CodeIgniter->handleRequest(null, Object(Config\Cache), false)
 7 FCPATH\index.php(79): CodeIgniter\CodeIgniter->run()
 8 SYSTEMPATH\Commands\Server\rewrite.php(47): require_once('D:\\laragon\\www\\crud\\public\\index.php')
CRITICAL - 2023-09-21 13:43:12 --> syntax error, unexpected token "=>", expecting "]"
in APPPATH\Controllers\ProductCrud.php on line 42.
 1 SYSTEMPATH\Autoloader\Autoloader.php(285): CodeIgniter\Autoloader\Autoloader->includeFile('D:\\laragon\\www\\crud\\app\\Controllers\\ProductCrud.php')
 2 SYSTEMPATH\Autoloader\Autoloader.php(263): CodeIgniter\Autoloader\Autoloader->loadInNamespace('App\\Controllers\\ProductCrud')
 3 [internal function]: CodeIgniter\Autoloader\Autoloader->loadClass('App\\Controllers\\ProductCrud')
 4 SYSTEMPATH\CodeIgniter.php(877): class_exists('\\App\\Controllers\\ProductCrud', true)
 5 SYSTEMPATH\CodeIgniter.php(481): CodeIgniter\CodeIgniter->startController()
 6 SYSTEMPATH\CodeIgniter.php(353): CodeIgniter\CodeIgniter->handleRequest(null, Object(Config\Cache), false)
 7 FCPATH\index.php(79): CodeIgniter\CodeIgniter->run()
 8 SYSTEMPATH\Commands\Server\rewrite.php(47): require_once('D:\\laragon\\www\\crud\\public\\index.php')
CRITICAL - 2023-09-21 13:43:56 --> syntax error, unexpected token "=>", expecting "]"
in APPPATH\Controllers\ProductCrud.php on line 42.
 1 SYSTEMPATH\Autoloader\Autoloader.php(285): CodeIgniter\Autoloader\Autoloader->includeFile('D:\\laragon\\www\\crud\\app\\Controllers\\ProductCrud.php')
 2 SYSTEMPATH\Autoloader\Autoloader.php(263): CodeIgniter\Autoloader\Autoloader->loadInNamespace('App\\Controllers\\ProductCrud')
 3 [internal function]: CodeIgniter\Autoloader\Autoloader->loadClass('App\\Controllers\\ProductCrud')
 4 SYSTEMPATH\CodeIgniter.php(877): class_exists('\\App\\Controllers\\ProductCrud', true)
 5 SYSTEMPATH\CodeIgniter.php(481): CodeIgniter\CodeIgniter->startController()
 6 SYSTEMPATH\CodeIgniter.php(353): CodeIgniter\CodeIgniter->handleRequest(null, Object(Config\Cache), false)
 7 FCPATH\index.php(79): CodeIgniter\CodeIgniter->run()
 8 SYSTEMPATH\Commands\Server\rewrite.php(47): require_once('D:\\laragon\\www\\crud\\public\\index.php')
CRITICAL - 2023-09-21 13:43:57 --> syntax error, unexpected token "=>", expecting "]"
in APPPATH\Controllers\ProductCrud.php on line 42.
 1 SYSTEMPATH\Autoloader\Autoloader.php(285): CodeIgniter\Autoloader\Autoloader->includeFile('D:\\laragon\\www\\crud\\app\\Controllers\\ProductCrud.php')
 2 SYSTEMPATH\Autoloader\Autoloader.php(263): CodeIgniter\Autoloader\Autoloader->loadInNamespace('App\\Controllers\\ProductCrud')
 3 [internal function]: CodeIgniter\Autoloader\Autoloader->loadClass('App\\Controllers\\ProductCrud')
 4 SYSTEMPATH\CodeIgniter.php(877): class_exists('\\App\\Controllers\\ProductCrud', true)
 5 SYSTEMPATH\CodeIgniter.php(481): CodeIgniter\CodeIgniter->startController()
 6 SYSTEMPATH\CodeIgniter.php(353): CodeIgniter\CodeIgniter->handleRequest(null, Object(Config\Cache), false)
 7 FCPATH\index.php(79): CodeIgniter\CodeIgniter->run()
 8 SYSTEMPATH\Commands\Server\rewrite.php(47): require_once('D:\\laragon\\www\\crud\\public\\index.php')
CRITICAL - 2023-09-21 13:43:57 --> syntax error, unexpected token "=>", expecting "]"
in APPPATH\Controllers\ProductCrud.php on line 42.
 1 SYSTEMPATH\Autoloader\Autoloader.php(285): CodeIgniter\Autoloader\Autoloader->includeFile('D:\\laragon\\www\\crud\\app\\Controllers\\ProductCrud.php')
 2 SYSTEMPATH\Autoloader\Autoloader.php(263): CodeIgniter\Autoloader\Autoloader->loadInNamespace('App\\Controllers\\ProductCrud')
 3 [internal function]: CodeIgniter\Autoloader\Autoloader->loadClass('App\\Controllers\\ProductCrud')
 4 SYSTEMPATH\CodeIgniter.php(877): class_exists('\\App\\Controllers\\ProductCrud', true)
 5 SYSTEMPATH\CodeIgniter.php(481): CodeIgniter\CodeIgniter->startController()
 6 SYSTEMPATH\CodeIgniter.php(353): CodeIgniter\CodeIgniter->handleRequest(null, Object(Config\Cache), false)
 7 FCPATH\index.php(79): CodeIgniter\CodeIgniter->run()
 8 SYSTEMPATH\Commands\Server\rewrite.php(47): require_once('D:\\laragon\\www\\crud\\public\\index.php')
